==========================
Model: baseline, Loss: mae
CIFAR10_eval.py --model baseline --loss mae
==========================
Files already downloaded and verified
Files already downloaded and verified
Epoch: 1/50
Begin test......
Test Loss: 0.0012 Acc: 0.2373 Precision: 0.1460 Recall: 0.2373 f1score_micro: 0.2373 f1score_macro: 0.1788
Epoch: 2/50
Begin test......
Test Loss: 0.0012 Acc: 0.2603 Precision: 0.2198 Recall: 0.2603 f1score_micro: 0.2603 f1score_macro: 0.2016
Epoch: 3/50
Begin test......
Test Loss: 0.0011 Acc: 0.3173 Precision: 0.2428 Recall: 0.3173 f1score_micro: 0.3173 f1score_macro: 0.2578
Epoch: 4/50
Begin test......
Test Loss: 0.0011 Acc: 0.3243 Precision: 0.2606 Recall: 0.3243 f1score_micro: 0.3243 f1score_macro: 0.2819
Epoch: 5/50
Begin test......
Test Loss: 0.0010 Acc: 0.3364 Precision: 0.2757 Recall: 0.3364 f1score_micro: 0.3364 f1score_macro: 0.2810
Epoch: 6/50
Begin test......
Test Loss: 0.0010 Acc: 0.3484 Precision: 0.2870 Recall: 0.3484 f1score_micro: 0.3484 f1score_macro: 0.2918
Epoch: 7/50
Begin test......
Test Loss: 0.0010 Acc: 0.3519 Precision: 0.2918 Recall: 0.3519 f1score_micro: 0.3519 f1score_macro: 0.3029
Epoch: 8/50
Begin test......
Test Loss: 0.0010 Acc: 0.3702 Precision: 0.3072 Recall: 0.3702 f1score_micro: 0.3702 f1score_macro: 0.3188
Epoch: 9/50
Begin test......
Test Loss: 0.0010 Acc: 0.3882 Precision: 0.3143 Recall: 0.3882 f1score_micro: 0.3882 f1score_macro: 0.3374
Epoch: 10/50
Begin test......
Test Loss: 0.0009 Acc: 0.4104 Precision: 0.3337 Recall: 0.4104 f1score_micro: 0.4104 f1score_macro: 0.3586
Epoch: 11/50
Begin test......
Test Loss: 0.0009 Acc: 0.4136 Precision: 0.3344 Recall: 0.4136 f1score_micro: 0.4136 f1score_macro: 0.3634
Epoch: 12/50
Begin test......
Test Loss: 0.0009 Acc: 0.4199 Precision: 0.3499 Recall: 0.4199 f1score_micro: 0.4199 f1score_macro: 0.3642
Epoch: 13/50
Begin test......
Test Loss: 0.0009 Acc: 0.4204 Precision: 0.3502 Recall: 0.4204 f1score_micro: 0.4204 f1score_macro: 0.3654
Epoch: 14/50
Begin test......
Test Loss: 0.0009 Acc: 0.4275 Precision: 0.3546 Recall: 0.4275 f1score_micro: 0.4275 f1score_macro: 0.3808
Epoch: 15/50
Begin test......
Test Loss: 0.0009 Acc: 0.4301 Precision: 0.3565 Recall: 0.4301 f1score_micro: 0.4301 f1score_macro: 0.3800
Epoch: 16/50
Begin test......
Test Loss: 0.0009 Acc: 0.4371 Precision: 0.3557 Recall: 0.4371 f1score_micro: 0.4371 f1score_macro: 0.3825
Epoch: 17/50
Begin test......
Test Loss: 0.0009 Acc: 0.4391 Precision: 0.3580 Recall: 0.4391 f1score_micro: 0.4391 f1score_macro: 0.3860
Epoch: 18/50
Begin test......
Test Loss: 0.0009 Acc: 0.4457 Precision: 0.3605 Recall: 0.4457 f1score_micro: 0.4457 f1score_macro: 0.3922
Epoch: 19/50
Begin test......
Test Loss: 0.0009 Acc: 0.4472 Precision: 0.3574 Recall: 0.4472 f1score_micro: 0.4472 f1score_macro: 0.3943
Epoch: 20/50
Begin test......
Test Loss: 0.0009 Acc: 0.4413 Precision: 0.3583 Recall: 0.4413 f1score_micro: 0.4413 f1score_macro: 0.3856
Epoch: 21/50
Begin test......
Test Loss: 0.0009 Acc: 0.4487 Precision: 0.3673 Recall: 0.4487 f1score_micro: 0.4487 f1score_macro: 0.3953
Epoch: 22/50
Begin test......
Test Loss: 0.0009 Acc: 0.4497 Precision: 0.3667 Recall: 0.4497 f1score_micro: 0.4497 f1score_macro: 0.3980
Epoch: 23/50
Begin test......
Test Loss: 0.0009 Acc: 0.4496 Precision: 0.3684 Recall: 0.4496 f1score_micro: 0.4496 f1score_macro: 0.3974
Epoch: 24/50
Begin test......
Test Loss: 0.0009 Acc: 0.4539 Precision: 0.3666 Recall: 0.4539 f1score_micro: 0.4539 f1score_macro: 0.4003
Epoch: 25/50
Begin test......
Test Loss: 0.0009 Acc: 0.4528 Precision: 0.3670 Recall: 0.4528 f1score_micro: 0.4528 f1score_macro: 0.3991
Epoch: 26/50
Begin test......
Test Loss: 0.0009 Acc: 0.4545 Precision: 0.3672 Recall: 0.4545 f1score_micro: 0.4545 f1score_macro: 0.3992
Epoch: 27/50
Begin test......
Test Loss: 0.0009 Acc: 0.4550 Precision: 0.3700 Recall: 0.4550 f1score_micro: 0.4550 f1score_macro: 0.3995
Epoch: 28/50
Begin test......
Test Loss: 0.0009 Acc: 0.4582 Precision: 0.3706 Recall: 0.4582 f1score_micro: 0.4582 f1score_macro: 0.4023
Epoch: 29/50
Begin test......
Test Loss: 0.0009 Acc: 0.4563 Precision: 0.3687 Recall: 0.4563 f1score_micro: 0.4563 f1score_macro: 0.4013
Epoch: 30/50
Begin test......
Test Loss: 0.0009 Acc: 0.4585 Precision: 0.3726 Recall: 0.4585 f1score_micro: 0.4585 f1score_macro: 0.4024
Epoch: 31/50
Begin test......
Test Loss: 0.0009 Acc: 0.4571 Precision: 0.3711 Recall: 0.4571 f1score_micro: 0.4571 f1score_macro: 0.4016
Epoch: 32/50
Begin test......
Test Loss: 0.0009 Acc: 0.4585 Precision: 0.3726 Recall: 0.4585 f1score_micro: 0.4585 f1score_macro: 0.4040
Epoch: 33/50
Begin test......
Test Loss: 0.0009 Acc: 0.4573 Precision: 0.3710 Recall: 0.4573 f1score_micro: 0.4573 f1score_macro: 0.4021
Epoch: 34/50
Begin test......
Test Loss: 0.0009 Acc: 0.4582 Precision: 0.3700 Recall: 0.4582 f1score_micro: 0.4582 f1score_macro: 0.4027
Epoch: 35/50
Begin test......
Test Loss: 0.0009 Acc: 0.4591 Precision: 0.3702 Recall: 0.4591 f1score_micro: 0.4591 f1score_macro: 0.4044
Epoch: 36/50
Begin test......
Test Loss: 0.0009 Acc: 0.4601 Precision: 0.3728 Recall: 0.4601 f1score_micro: 0.4601 f1score_macro: 0.4047
Epoch: 37/50
Begin test......
Test Loss: 0.0009 Acc: 0.4596 Precision: 0.3717 Recall: 0.4596 f1score_micro: 0.4596 f1score_macro: 0.4044
Epoch: 38/50
Begin test......
Test Loss: 0.0009 Acc: 0.4596 Precision: 0.3739 Recall: 0.4596 f1score_micro: 0.4596 f1score_macro: 0.4047
Epoch: 39/50
Begin test......
Test Loss: 0.0009 Acc: 0.4594 Precision: 0.3725 Recall: 0.4594 f1score_micro: 0.4594 f1score_macro: 0.4057
Epoch: 40/50
Begin test......
Test Loss: 0.0009 Acc: 0.4592 Precision: 0.3710 Recall: 0.4592 f1score_micro: 0.4592 f1score_macro: 0.4044
Epoch: 41/50
Begin test......
Test Loss: 0.0009 Acc: 0.4602 Precision: 0.3737 Recall: 0.4602 f1score_micro: 0.4602 f1score_macro: 0.4062
Epoch: 42/50
Begin test......
Test Loss: 0.0009 Acc: 0.4601 Precision: 0.3720 Recall: 0.4601 f1score_micro: 0.4601 f1score_macro: 0.4054
Epoch: 43/50
Begin test......
Test Loss: 0.0009 Acc: 0.4606 Precision: 0.3731 Recall: 0.4606 f1score_micro: 0.4606 f1score_macro: 0.4061
Epoch: 44/50
Begin test......
Test Loss: 0.0009 Acc: 0.4595 Precision: 0.3727 Recall: 0.4595 f1score_micro: 0.4595 f1score_macro: 0.4051
Epoch: 45/50
Begin test......
Test Loss: 0.0009 Acc: 0.4598 Precision: 0.3731 Recall: 0.4598 f1score_micro: 0.4598 f1score_macro: 0.4050
Epoch: 46/50
Begin test......
Test Loss: 0.0009 Acc: 0.4601 Precision: 0.3729 Recall: 0.4601 f1score_micro: 0.4601 f1score_macro: 0.4056
Epoch: 47/50
Begin test......
Test Loss: 0.0009 Acc: 0.4605 Precision: 0.3729 Recall: 0.4605 f1score_micro: 0.4605 f1score_macro: 0.4061
Epoch: 48/50
Begin test......
Test Loss: 0.0009 Acc: 0.4607 Precision: 0.3729 Recall: 0.4607 f1score_micro: 0.4607 f1score_macro: 0.4060
Epoch: 49/50
Begin test......
Test Loss: 0.0009 Acc: 0.4601 Precision: 0.3729 Recall: 0.4601 f1score_micro: 0.4601 f1score_macro: 0.4055
Epoch: 50/50
Begin test......
Test Loss: 0.0009 Acc: 0.4596 Precision: 0.3726 Recall: 0.4596 f1score_micro: 0.4596 f1score_macro: 0.4052
log generated
==========================
Model: baseline, Loss: ce
CIFAR10_eval.py --model baseline --loss ce
==========================
Files already downloaded and verified
Files already downloaded and verified
Epoch: 1/50
Begin test......
Test Loss: 0.0134 Acc: 0.3708 Precision: 0.4317 Recall: 0.3708 f1score_micro: 0.3708 f1score_macro: 0.3542
Epoch: 2/50
Begin test......
Test Loss: 0.0133 Acc: 0.3789 Precision: 0.4226 Recall: 0.3789 f1score_micro: 0.3789 f1score_macro: 0.3546
Epoch: 3/50
Begin test......
Test Loss: 0.0131 Acc: 0.3982 Precision: 0.3968 Recall: 0.3982 f1score_micro: 0.3982 f1score_macro: 0.3719
Epoch: 4/50
Begin test......
Test Loss: 0.0129 Acc: 0.4036 Precision: 0.4304 Recall: 0.4036 f1score_micro: 0.4036 f1score_macro: 0.3790
Epoch: 5/50
Begin test......
Test Loss: 0.0127 Acc: 0.4112 Precision: 0.4339 Recall: 0.4112 f1score_micro: 0.4112 f1score_macro: 0.3841
Epoch: 6/50
Begin test......
Test Loss: 0.0115 Acc: 0.4779 Precision: 0.4763 Recall: 0.4779 f1score_micro: 0.4779 f1score_macro: 0.4596
Epoch: 7/50
Begin test......
Test Loss: 0.0116 Acc: 0.4719 Precision: 0.4823 Recall: 0.4719 f1score_micro: 0.4719 f1score_macro: 0.4649
Epoch: 8/50
Begin test......
Test Loss: 0.0112 Acc: 0.4880 Precision: 0.4813 Recall: 0.4880 f1score_micro: 0.4880 f1score_macro: 0.4768
Epoch: 9/50
Begin test......
Test Loss: 0.0115 Acc: 0.4601 Precision: 0.4838 Recall: 0.4601 f1score_micro: 0.4601 f1score_macro: 0.4416
Epoch: 10/50
Begin test......
Test Loss: 0.0112 Acc: 0.4850 Precision: 0.5015 Recall: 0.4850 f1score_micro: 0.4850 f1score_macro: 0.4775
Epoch: 11/50
Begin test......
Test Loss: 0.0107 Acc: 0.5169 Precision: 0.5164 Recall: 0.5169 f1score_micro: 0.5169 f1score_macro: 0.5099
Epoch: 12/50
Begin test......
Test Loss: 0.0106 Acc: 0.5172 Precision: 0.5143 Recall: 0.5172 f1score_micro: 0.5172 f1score_macro: 0.5112
Epoch: 13/50
Begin test......
Test Loss: 0.0104 Acc: 0.5348 Precision: 0.5326 Recall: 0.5348 f1score_micro: 0.5348 f1score_macro: 0.5303
Epoch: 14/50
Begin test......
Test Loss: 0.0105 Acc: 0.5167 Precision: 0.5259 Recall: 0.5167 f1score_micro: 0.5167 f1score_macro: 0.5081
Epoch: 15/50
Begin test......
Test Loss: 0.0107 Acc: 0.5180 Precision: 0.5285 Recall: 0.5180 f1score_micro: 0.5180 f1score_macro: 0.5160
Epoch: 16/50
Begin test......
Test Loss: 0.0101 Acc: 0.5436 Precision: 0.5446 Recall: 0.5436 f1score_micro: 0.5436 f1score_macro: 0.5400
Epoch: 17/50
Begin test......
Test Loss: 0.0100 Acc: 0.5446 Precision: 0.5425 Recall: 0.5446 f1score_micro: 0.5446 f1score_macro: 0.5412
Epoch: 18/50
Begin test......
Test Loss: 0.0101 Acc: 0.5431 Precision: 0.5460 Recall: 0.5431 f1score_micro: 0.5431 f1score_macro: 0.5381
Epoch: 19/50
Begin test......
Test Loss: 0.0102 Acc: 0.5351 Precision: 0.5418 Recall: 0.5351 f1score_micro: 0.5351 f1score_macro: 0.5300
Epoch: 20/50
Begin test......
Test Loss: 0.0099 Acc: 0.5537 Precision: 0.5502 Recall: 0.5537 f1score_micro: 0.5537 f1score_macro: 0.5482
Epoch: 21/50
Begin test......
Test Loss: 0.0098 Acc: 0.5585 Precision: 0.5565 Recall: 0.5585 f1score_micro: 0.5585 f1score_macro: 0.5555
Epoch: 22/50
Begin test......
Test Loss: 0.0097 Acc: 0.5587 Precision: 0.5541 Recall: 0.5587 f1score_micro: 0.5587 f1score_macro: 0.5549
Epoch: 23/50
Begin test......
Test Loss: 0.0098 Acc: 0.5533 Precision: 0.5494 Recall: 0.5533 f1score_micro: 0.5533 f1score_macro: 0.5486
Epoch: 24/50
Begin test......
Test Loss: 0.0097 Acc: 0.5607 Precision: 0.5618 Recall: 0.5607 f1score_micro: 0.5607 f1score_macro: 0.5586
Epoch: 25/50
Begin test......
Test Loss: 0.0099 Acc: 0.5509 Precision: 0.5479 Recall: 0.5509 f1score_micro: 0.5509 f1score_macro: 0.5418
Epoch: 26/50
Begin test......
Test Loss: 0.0097 Acc: 0.5578 Precision: 0.5566 Recall: 0.5578 f1score_micro: 0.5578 f1score_macro: 0.5551
Epoch: 27/50
Begin test......
Test Loss: 0.0096 Acc: 0.5630 Precision: 0.5629 Recall: 0.5630 f1score_micro: 0.5630 f1score_macro: 0.5621
Epoch: 28/50
Begin test......
Test Loss: 0.0096 Acc: 0.5655 Precision: 0.5619 Recall: 0.5655 f1score_micro: 0.5655 f1score_macro: 0.5617
Epoch: 29/50
Begin test......
Test Loss: 0.0096 Acc: 0.5611 Precision: 0.5577 Recall: 0.5611 f1score_micro: 0.5611 f1score_macro: 0.5560
Epoch: 30/50
Begin test......
Test Loss: 0.0095 Acc: 0.5654 Precision: 0.5610 Recall: 0.5654 f1score_micro: 0.5654 f1score_macro: 0.5603
Epoch: 31/50
Begin test......
Test Loss: 0.0095 Acc: 0.5691 Precision: 0.5667 Recall: 0.5691 f1score_micro: 0.5691 f1score_macro: 0.5665
Epoch: 32/50
Begin test......
Test Loss: 0.0095 Acc: 0.5692 Precision: 0.5665 Recall: 0.5692 f1score_micro: 0.5692 f1score_macro: 0.5654
Epoch: 33/50
Begin test......
Test Loss: 0.0095 Acc: 0.5662 Precision: 0.5639 Recall: 0.5662 f1score_micro: 0.5662 f1score_macro: 0.5634
Epoch: 34/50
Begin test......
Test Loss: 0.0095 Acc: 0.5703 Precision: 0.5662 Recall: 0.5703 f1score_micro: 0.5703 f1score_macro: 0.5650
Epoch: 35/50
Begin test......
Test Loss: 0.0095 Acc: 0.5688 Precision: 0.5638 Recall: 0.5688 f1score_micro: 0.5688 f1score_macro: 0.5638
Epoch: 36/50
Begin test......
Test Loss: 0.0094 Acc: 0.5724 Precision: 0.5684 Recall: 0.5724 f1score_micro: 0.5724 f1score_macro: 0.5692
Epoch: 37/50
Begin test......
Test Loss: 0.0094 Acc: 0.5711 Precision: 0.5665 Recall: 0.5711 f1score_micro: 0.5711 f1score_macro: 0.5677
Epoch: 38/50
Begin test......
Test Loss: 0.0094 Acc: 0.5688 Precision: 0.5637 Recall: 0.5688 f1score_micro: 0.5688 f1score_macro: 0.5633
Epoch: 39/50
Begin test......
Test Loss: 0.0094 Acc: 0.5715 Precision: 0.5669 Recall: 0.5715 f1score_micro: 0.5715 f1score_macro: 0.5664
Epoch: 40/50
Begin test......
Test Loss: 0.0094 Acc: 0.5699 Precision: 0.5640 Recall: 0.5699 f1score_micro: 0.5699 f1score_macro: 0.5648
Epoch: 41/50
Begin test......
Test Loss: 0.0094 Acc: 0.5685 Precision: 0.5638 Recall: 0.5685 f1score_micro: 0.5685 f1score_macro: 0.5643
Epoch: 42/50
Begin test......
Test Loss: 0.0094 Acc: 0.5677 Precision: 0.5627 Recall: 0.5677 f1score_micro: 0.5677 f1score_macro: 0.5633
Epoch: 43/50
Begin test......
Test Loss: 0.0094 Acc: 0.5723 Precision: 0.5669 Recall: 0.5723 f1score_micro: 0.5723 f1score_macro: 0.5682
Epoch: 44/50
Begin test......
Test Loss: 0.0094 Acc: 0.5712 Precision: 0.5684 Recall: 0.5712 f1score_micro: 0.5712 f1score_macro: 0.5677
Epoch: 45/50
Begin test......
Test Loss: 0.0094 Acc: 0.5711 Precision: 0.5658 Recall: 0.5711 f1score_micro: 0.5711 f1score_macro: 0.5669
Epoch: 46/50
Begin test......
Test Loss: 0.0094 Acc: 0.5729 Precision: 0.5685 Recall: 0.5729 f1score_micro: 0.5729 f1score_macro: 0.5693
Epoch: 47/50
Begin test......
Test Loss: 0.0094 Acc: 0.5732 Precision: 0.5681 Recall: 0.5732 f1score_micro: 0.5732 f1score_macro: 0.5691
Epoch: 48/50
Begin test......
Test Loss: 0.0094 Acc: 0.5728 Precision: 0.5692 Recall: 0.5728 f1score_micro: 0.5728 f1score_macro: 0.5695
Epoch: 49/50
Begin test......
Test Loss: 0.0094 Acc: 0.5727 Precision: 0.5673 Recall: 0.5727 f1score_micro: 0.5727 f1score_macro: 0.5687
Epoch: 50/50
Begin test......
Test Loss: 0.0094 Acc: 0.5733 Precision: 0.5686 Recall: 0.5733 f1score_micro: 0.5733 f1score_macro: 0.5696
log generated
==========================
Model: baseline, Loss: focal0.5
CIFAR10_eval.py --model baseline --loss focal0.5
==========================
Files already downloaded and verified
Files already downloaded and verified
Epoch: 1/50
Begin test......
Test Loss: 0.0118 Acc: 0.3877 Precision: 0.4152 Recall: 0.3877 f1score_micro: 0.3877 f1score_macro: 0.3779
Epoch: 2/50
Begin test......
Test Loss: 0.0119 Acc: 0.3894 Precision: 0.4187 Recall: 0.3894 f1score_micro: 0.3894 f1score_macro: 0.3790
Epoch: 3/50
Begin test......
Test Loss: 0.0114 Acc: 0.4150 Precision: 0.4213 Recall: 0.4150 f1score_micro: 0.4150 f1score_macro: 0.4087
Epoch: 4/50
Begin test......
Test Loss: 0.0120 Acc: 0.3751 Precision: 0.4070 Recall: 0.3751 f1score_micro: 0.3751 f1score_macro: 0.3574
Epoch: 5/50
Begin test......
Test Loss: 0.0128 Acc: 0.3637 Precision: 0.3870 Recall: 0.3637 f1score_micro: 0.3637 f1score_macro: 0.3303
Epoch: 6/50
Begin test......
Test Loss: 0.0104 Acc: 0.4690 Precision: 0.4673 Recall: 0.4690 f1score_micro: 0.4690 f1score_macro: 0.4622
Epoch: 7/50
Begin test......
Test Loss: 0.0106 Acc: 0.4440 Precision: 0.4529 Recall: 0.4440 f1score_micro: 0.4440 f1score_macro: 0.4360
Epoch: 8/50
Begin test......
Test Loss: 0.0107 Acc: 0.4464 Precision: 0.4659 Recall: 0.4464 f1score_micro: 0.4464 f1score_macro: 0.4230
Epoch: 9/50
Begin test......
Test Loss: 0.0101 Acc: 0.4810 Precision: 0.4791 Recall: 0.4810 f1score_micro: 0.4810 f1score_macro: 0.4702
Epoch: 10/50
Begin test......
Test Loss: 0.0108 Acc: 0.4455 Precision: 0.4757 Recall: 0.4455 f1score_micro: 0.4455 f1score_macro: 0.4372
Epoch: 11/50
Begin test......
Test Loss: 0.0099 Acc: 0.4885 Precision: 0.4995 Recall: 0.4885 f1score_micro: 0.4885 f1score_macro: 0.4775
Epoch: 12/50
Begin test......
Test Loss: 0.0096 Acc: 0.5009 Precision: 0.5064 Recall: 0.5009 f1score_micro: 0.5009 f1score_macro: 0.4970
Epoch: 13/50
Begin test......
Test Loss: 0.0096 Acc: 0.5115 Precision: 0.5224 Recall: 0.5115 f1score_micro: 0.5115 f1score_macro: 0.4972
Epoch: 14/50
Begin test......
Test Loss: 0.0094 Acc: 0.5167 Precision: 0.5184 Recall: 0.5167 f1score_micro: 0.5167 f1score_macro: 0.5095
Epoch: 15/50
Begin test......
Test Loss: 0.0096 Acc: 0.5065 Precision: 0.5173 Recall: 0.5065 f1score_micro: 0.5065 f1score_macro: 0.5055
Epoch: 16/50
Begin test......
Test Loss: 0.0091 Acc: 0.5336 Precision: 0.5391 Recall: 0.5336 f1score_micro: 0.5336 f1score_macro: 0.5312
Epoch: 17/50
Begin test......
Test Loss: 0.0089 Acc: 0.5415 Precision: 0.5387 Recall: 0.5415 f1score_micro: 0.5415 f1score_macro: 0.5378
Epoch: 18/50
Begin test......
Test Loss: 0.0090 Acc: 0.5348 Precision: 0.5417 Recall: 0.5348 f1score_micro: 0.5348 f1score_macro: 0.5322
Epoch: 19/50
Begin test......
Test Loss: 0.0090 Acc: 0.5392 Precision: 0.5392 Recall: 0.5392 f1score_micro: 0.5392 f1score_macro: 0.5354
Epoch: 20/50
Begin test......
Test Loss: 0.0090 Acc: 0.5341 Precision: 0.5382 Recall: 0.5341 f1score_micro: 0.5341 f1score_macro: 0.5271
Epoch: 21/50
Begin test......
Test Loss: 0.0087 Acc: 0.5514 Precision: 0.5502 Recall: 0.5514 f1score_micro: 0.5514 f1score_macro: 0.5490
Epoch: 22/50
Begin test......
Test Loss: 0.0087 Acc: 0.5550 Precision: 0.5570 Recall: 0.5550 f1score_micro: 0.5550 f1score_macro: 0.5517
Epoch: 23/50
Begin test......
Test Loss: 0.0087 Acc: 0.5521 Precision: 0.5484 Recall: 0.5521 f1score_micro: 0.5521 f1score_macro: 0.5450
Epoch: 24/50
Begin test......
Test Loss: 0.0086 Acc: 0.5577 Precision: 0.5611 Recall: 0.5577 f1score_micro: 0.5577 f1score_macro: 0.5550
Epoch: 25/50
Begin test......
Test Loss: 0.0089 Acc: 0.5420 Precision: 0.5408 Recall: 0.5420 f1score_micro: 0.5420 f1score_macro: 0.5351
Epoch: 26/50
Begin test......
Test Loss: 0.0085 Acc: 0.5580 Precision: 0.5571 Recall: 0.5580 f1score_micro: 0.5580 f1score_macro: 0.5556
Epoch: 27/50
Begin test......
Test Loss: 0.0085 Acc: 0.5655 Precision: 0.5636 Recall: 0.5655 f1score_micro: 0.5655 f1score_macro: 0.5619
Epoch: 28/50
Begin test......
Test Loss: 0.0085 Acc: 0.5662 Precision: 0.5627 Recall: 0.5662 f1score_micro: 0.5662 f1score_macro: 0.5607
Epoch: 29/50
Begin test......
Test Loss: 0.0084 Acc: 0.5677 Precision: 0.5657 Recall: 0.5677 f1score_micro: 0.5677 f1score_macro: 0.5643
Epoch: 30/50
Begin test......
Test Loss: 0.0084 Acc: 0.5692 Precision: 0.5703 Recall: 0.5692 f1score_micro: 0.5692 f1score_macro: 0.5668
Epoch: 31/50
Begin test......
Test Loss: 0.0084 Acc: 0.5690 Precision: 0.5697 Recall: 0.5690 f1score_micro: 0.5690 f1score_macro: 0.5666
Epoch: 32/50
Begin test......
Test Loss: 0.0084 Acc: 0.5742 Precision: 0.5724 Recall: 0.5742 f1score_micro: 0.5742 f1score_macro: 0.5710
Epoch: 33/50
Begin test......
Test Loss: 0.0084 Acc: 0.5708 Precision: 0.5691 Recall: 0.5708 f1score_micro: 0.5708 f1score_macro: 0.5677
Epoch: 34/50
Begin test......
Test Loss: 0.0084 Acc: 0.5697 Precision: 0.5677 Recall: 0.5697 f1score_micro: 0.5697 f1score_macro: 0.5651
Epoch: 35/50
Begin test......
Test Loss: 0.0084 Acc: 0.5743 Precision: 0.5706 Recall: 0.5743 f1score_micro: 0.5743 f1score_macro: 0.5702
Epoch: 36/50
Begin test......
Test Loss: 0.0083 Acc: 0.5755 Precision: 0.5721 Recall: 0.5755 f1score_micro: 0.5755 f1score_macro: 0.5722
Epoch: 37/50
Begin test......
Test Loss: 0.0083 Acc: 0.5750 Precision: 0.5718 Recall: 0.5750 f1score_micro: 0.5750 f1score_macro: 0.5720
Epoch: 38/50
Begin test......
Test Loss: 0.0083 Acc: 0.5716 Precision: 0.5690 Recall: 0.5716 f1score_micro: 0.5716 f1score_macro: 0.5667
Epoch: 39/50
Begin test......
Test Loss: 0.0083 Acc: 0.5750 Precision: 0.5715 Recall: 0.5750 f1score_micro: 0.5750 f1score_macro: 0.5708
Epoch: 40/50
Begin test......
Test Loss: 0.0083 Acc: 0.5725 Precision: 0.5682 Recall: 0.5725 f1score_micro: 0.5725 f1score_macro: 0.5682
Epoch: 41/50
Begin test......
Test Loss: 0.0083 Acc: 0.5757 Precision: 0.5723 Recall: 0.5757 f1score_micro: 0.5757 f1score_macro: 0.5722
Epoch: 42/50
Begin test......
Test Loss: 0.0083 Acc: 0.5755 Precision: 0.5711 Recall: 0.5755 f1score_micro: 0.5755 f1score_macro: 0.5713
Epoch: 43/50
Begin test......
Test Loss: 0.0083 Acc: 0.5786 Precision: 0.5736 Recall: 0.5786 f1score_micro: 0.5786 f1score_macro: 0.5746
Epoch: 44/50
Begin test......
Test Loss: 0.0083 Acc: 0.5740 Precision: 0.5729 Recall: 0.5740 f1score_micro: 0.5740 f1score_macro: 0.5701
Epoch: 45/50
Begin test......
Test Loss: 0.0083 Acc: 0.5749 Precision: 0.5712 Recall: 0.5749 f1score_micro: 0.5749 f1score_macro: 0.5717
Epoch: 46/50
Begin test......
Test Loss: 0.0083 Acc: 0.5761 Precision: 0.5724 Recall: 0.5761 f1score_micro: 0.5761 f1score_macro: 0.5728
Epoch: 47/50
Begin test......
Test Loss: 0.0083 Acc: 0.5769 Precision: 0.5738 Recall: 0.5769 f1score_micro: 0.5769 f1score_macro: 0.5738
Epoch: 48/50
Begin test......
Test Loss: 0.0083 Acc: 0.5769 Precision: 0.5742 Recall: 0.5769 f1score_micro: 0.5769 f1score_macro: 0.5737
Epoch: 49/50
Begin test......
Test Loss: 0.0083 Acc: 0.5762 Precision: 0.5725 Recall: 0.5762 f1score_micro: 0.5762 f1score_macro: 0.5728
Epoch: 50/50
Begin test......
Test Loss: 0.0083 Acc: 0.5772 Precision: 0.5736 Recall: 0.5772 f1score_micro: 0.5772 f1score_macro: 0.5736
log generated
==========================
Model: baseline, Loss: focal2
CIFAR10_eval.py --model baseline --loss focal2
==========================
Files already downloaded and verified
Files already downloaded and verified
Epoch: 1/50
Begin test......
Test Loss: 0.0092 Acc: 0.3717 Precision: 0.4012 Recall: 0.3717 f1score_micro: 0.3717 f1score_macro: 0.3581
Epoch: 2/50
Begin test......
Test Loss: 0.0094 Acc: 0.3705 Precision: 0.3885 Recall: 0.3705 f1score_micro: 0.3705 f1score_macro: 0.3590
Epoch: 3/50
Begin test......
Test Loss: 0.0089 Acc: 0.4003 Precision: 0.4048 Recall: 0.4003 f1score_micro: 0.4003 f1score_macro: 0.3890
Epoch: 4/50
Begin test......
Test Loss: 0.0090 Acc: 0.3788 Precision: 0.4288 Recall: 0.3788 f1score_micro: 0.3788 f1score_macro: 0.3765
Epoch: 5/50
Begin test......
Test Loss: 0.0087 Acc: 0.4092 Precision: 0.4013 Recall: 0.4092 f1score_micro: 0.4092 f1score_macro: 0.3911
Epoch: 6/50
Begin test......
Test Loss: 0.0083 Acc: 0.4354 Precision: 0.4460 Recall: 0.4354 f1score_micro: 0.4354 f1score_macro: 0.4224
Epoch: 7/50
Begin test......
Test Loss: 0.0077 Acc: 0.4476 Precision: 0.4663 Recall: 0.4476 f1score_micro: 0.4476 f1score_macro: 0.4470
Epoch: 8/50
Begin test......
Test Loss: 0.0077 Acc: 0.4595 Precision: 0.4588 Recall: 0.4595 f1score_micro: 0.4595 f1score_macro: 0.4483
Epoch: 9/50
Begin test......
Test Loss: 0.0077 Acc: 0.4459 Precision: 0.4843 Recall: 0.4459 f1score_micro: 0.4459 f1score_macro: 0.4214
Epoch: 10/50
Begin test......
Test Loss: 0.0075 Acc: 0.4738 Precision: 0.4969 Recall: 0.4738 f1score_micro: 0.4738 f1score_macro: 0.4693
Epoch: 11/50
Begin test......
Test Loss: 0.0070 Acc: 0.5039 Precision: 0.5168 Recall: 0.5039 f1score_micro: 0.5039 f1score_macro: 0.4965
Epoch: 12/50
Begin test......
Test Loss: 0.0069 Acc: 0.5100 Precision: 0.5245 Recall: 0.5100 f1score_micro: 0.5100 f1score_macro: 0.5084
Epoch: 13/50
Begin test......
Test Loss: 0.0067 Acc: 0.5197 Precision: 0.5235 Recall: 0.5197 f1score_micro: 0.5197 f1score_macro: 0.5142
Epoch: 14/50
Begin test......
Test Loss: 0.0070 Acc: 0.5046 Precision: 0.5164 Recall: 0.5046 f1score_micro: 0.5046 f1score_macro: 0.4967
Epoch: 15/50
Begin test......
Test Loss: 0.0067 Acc: 0.5241 Precision: 0.5395 Recall: 0.5241 f1score_micro: 0.5241 f1score_macro: 0.5230
Epoch: 16/50
Begin test......
Test Loss: 0.0065 Acc: 0.5298 Precision: 0.5395 Recall: 0.5298 f1score_micro: 0.5298 f1score_macro: 0.5267
Epoch: 17/50
Begin test......
Test Loss: 0.0063 Acc: 0.5472 Precision: 0.5501 Recall: 0.5472 f1score_micro: 0.5472 f1score_macro: 0.5470
Epoch: 18/50
Begin test......
Test Loss: 0.0063 Acc: 0.5422 Precision: 0.5481 Recall: 0.5422 f1score_micro: 0.5422 f1score_macro: 0.5400
Epoch: 19/50
Begin test......
Test Loss: 0.0063 Acc: 0.5455 Precision: 0.5491 Recall: 0.5455 f1score_micro: 0.5455 f1score_macro: 0.5425
Epoch: 20/50
Begin test......
Test Loss: 0.0063 Acc: 0.5439 Precision: 0.5467 Recall: 0.5439 f1score_micro: 0.5439 f1score_macro: 0.5402
Epoch: 21/50
Begin test......
Test Loss: 0.0061 Acc: 0.5534 Precision: 0.5569 Recall: 0.5534 f1score_micro: 0.5534 f1score_macro: 0.5520
Epoch: 22/50
Begin test......
Test Loss: 0.0061 Acc: 0.5597 Precision: 0.5622 Recall: 0.5597 f1score_micro: 0.5597 f1score_macro: 0.5560
Epoch: 23/50
Begin test......
Test Loss: 0.0061 Acc: 0.5604 Precision: 0.5583 Recall: 0.5604 f1score_micro: 0.5604 f1score_macro: 0.5582
Epoch: 24/50
Begin test......
Test Loss: 0.0061 Acc: 0.5541 Precision: 0.5534 Recall: 0.5541 f1score_micro: 0.5541 f1score_macro: 0.5497
Epoch: 25/50
Begin test......
Test Loss: 0.0062 Acc: 0.5505 Precision: 0.5513 Recall: 0.5505 f1score_micro: 0.5505 f1score_macro: 0.5463
Epoch: 26/50
Begin test......
Test Loss: 0.0060 Acc: 0.5598 Precision: 0.5600 Recall: 0.5598 f1score_micro: 0.5598 f1score_macro: 0.5585
Epoch: 27/50
Begin test......
Test Loss: 0.0059 Acc: 0.5650 Precision: 0.5629 Recall: 0.5650 f1score_micro: 0.5650 f1score_macro: 0.5627
Epoch: 28/50
Begin test......
Test Loss: 0.0059 Acc: 0.5628 Precision: 0.5600 Recall: 0.5628 f1score_micro: 0.5628 f1score_macro: 0.5591
Epoch: 29/50
Begin test......
Test Loss: 0.0059 Acc: 0.5637 Precision: 0.5635 Recall: 0.5637 f1score_micro: 0.5637 f1score_macro: 0.5611
Epoch: 30/50
Begin test......
Test Loss: 0.0059 Acc: 0.5682 Precision: 0.5680 Recall: 0.5682 f1score_micro: 0.5682 f1score_macro: 0.5655
Epoch: 31/50
Begin test......
Test Loss: 0.0059 Acc: 0.5638 Precision: 0.5643 Recall: 0.5638 f1score_micro: 0.5638 f1score_macro: 0.5625
Epoch: 32/50
Begin test......
Test Loss: 0.0059 Acc: 0.5673 Precision: 0.5670 Recall: 0.5673 f1score_micro: 0.5673 f1score_macro: 0.5656
Epoch: 33/50
Begin test......
Test Loss: 0.0058 Acc: 0.5677 Precision: 0.5674 Recall: 0.5677 f1score_micro: 0.5677 f1score_macro: 0.5660
Epoch: 34/50
Begin test......
Test Loss: 0.0058 Acc: 0.5669 Precision: 0.5665 Recall: 0.5669 f1score_micro: 0.5669 f1score_macro: 0.5636
Epoch: 35/50
Begin test......
Test Loss: 0.0059 Acc: 0.5732 Precision: 0.5703 Recall: 0.5732 f1score_micro: 0.5732 f1score_macro: 0.5704
Epoch: 36/50
Begin test......
Test Loss: 0.0058 Acc: 0.5667 Precision: 0.5651 Recall: 0.5667 f1score_micro: 0.5667 f1score_macro: 0.5652
Epoch: 37/50
Begin test......
Test Loss: 0.0058 Acc: 0.5707 Precision: 0.5683 Recall: 0.5707 f1score_micro: 0.5707 f1score_macro: 0.5683
Epoch: 38/50
Begin test......
Test Loss: 0.0059 Acc: 0.5710 Precision: 0.5688 Recall: 0.5710 f1score_micro: 0.5710 f1score_macro: 0.5677
Epoch: 39/50
Begin test......
Test Loss: 0.0058 Acc: 0.5725 Precision: 0.5699 Recall: 0.5725 f1score_micro: 0.5725 f1score_macro: 0.5690
Epoch: 40/50
Begin test......
Test Loss: 0.0058 Acc: 0.5694 Precision: 0.5662 Recall: 0.5694 f1score_micro: 0.5694 f1score_macro: 0.5663
Epoch: 41/50
Begin test......
Test Loss: 0.0058 Acc: 0.5699 Precision: 0.5672 Recall: 0.5699 f1score_micro: 0.5699 f1score_macro: 0.5676
Epoch: 42/50
Begin test......
Test Loss: 0.0058 Acc: 0.5711 Precision: 0.5672 Recall: 0.5711 f1score_micro: 0.5711 f1score_macro: 0.5681
Epoch: 43/50
Begin test......
Test Loss: 0.0058 Acc: 0.5711 Precision: 0.5682 Recall: 0.5711 f1score_micro: 0.5711 f1score_macro: 0.5689
Epoch: 44/50
Begin test......
Test Loss: 0.0058 Acc: 0.5688 Precision: 0.5686 Recall: 0.5688 f1score_micro: 0.5688 f1score_macro: 0.5671
Epoch: 45/50
Begin test......
Test Loss: 0.0058 Acc: 0.5706 Precision: 0.5680 Recall: 0.5706 f1score_micro: 0.5706 f1score_macro: 0.5678
Epoch: 46/50
Begin test......
Test Loss: 0.0058 Acc: 0.5736 Precision: 0.5713 Recall: 0.5736 f1score_micro: 0.5736 f1score_macro: 0.5716
Epoch: 47/50
Begin test......
Test Loss: 0.0058 Acc: 0.5726 Precision: 0.5701 Recall: 0.5726 f1score_micro: 0.5726 f1score_macro: 0.5705
Epoch: 48/50
Begin test......
Test Loss: 0.0058 Acc: 0.5725 Precision: 0.5699 Recall: 0.5725 f1score_micro: 0.5725 f1score_macro: 0.5702
Epoch: 49/50
Begin test......
Test Loss: 0.0058 Acc: 0.5736 Precision: 0.5711 Recall: 0.5736 f1score_micro: 0.5736 f1score_macro: 0.5718
Epoch: 50/50
Begin test......
Test Loss: 0.0058 Acc: 0.5737 Precision: 0.5697 Recall: 0.5737 f1score_micro: 0.5737 f1score_macro: 0.5708
log generated
==========================
Model: resnet18, Loss: mae
CIFAR10_eval.py --model resnet18 --loss mae
==========================
Files already downloaded and verified
Files already downloaded and verified
Epoch: 1/50
Begin test......
Test Loss: 0.0012 Acc: 0.2615 Precision: 0.1061 Recall: 0.2615 f1score_micro: 0.2615 f1score_macro: 0.1492
Epoch: 2/50
Begin test......
Test Loss: 0.0011 Acc: 0.2929 Precision: 0.1172 Recall: 0.2929 f1score_micro: 0.2929 f1score_macro: 0.1672
Epoch: 3/50
Begin test......
Test Loss: 0.0011 Acc: 0.3199 Precision: 0.1286 Recall: 0.3199 f1score_micro: 0.3199 f1score_macro: 0.1833
Epoch: 4/50
Begin test......
Test Loss: 0.0010 Acc: 0.3596 Precision: 0.1890 Recall: 0.3596 f1score_micro: 0.3596 f1score_macro: 0.2436
Epoch: 5/50
Begin test......
Test Loss: 0.0010 Acc: 0.3741 Precision: 0.2974 Recall: 0.3741 f1score_micro: 0.3741 f1score_macro: 0.3067
Epoch: 6/50
Begin test......
Test Loss: 0.0009 Acc: 0.4447 Precision: 0.3171 Recall: 0.4447 f1score_micro: 0.4447 f1score_macro: 0.3592
Epoch: 7/50
Begin test......
Test Loss: 0.0008 Acc: 0.4741 Precision: 0.3465 Recall: 0.4741 f1score_micro: 0.4741 f1score_macro: 0.3886
Epoch: 8/50
Begin test......
Test Loss: 0.0008 Acc: 0.4795 Precision: 0.3497 Recall: 0.4795 f1score_micro: 0.4795 f1score_macro: 0.3910
Epoch: 9/50
Begin test......
Test Loss: 0.0008 Acc: 0.4903 Precision: 0.3614 Recall: 0.4903 f1score_micro: 0.4903 f1score_macro: 0.4025
Epoch: 10/50
Begin test......
Test Loss: 0.0008 Acc: 0.5050 Precision: 0.3793 Recall: 0.5050 f1score_micro: 0.5050 f1score_macro: 0.4192
Epoch: 11/50
Begin test......
Test Loss: 0.0008 Acc: 0.5124 Precision: 0.3816 Recall: 0.5124 f1score_micro: 0.5124 f1score_macro: 0.4253
Epoch: 12/50
Begin test......
Test Loss: 0.0008 Acc: 0.5239 Precision: 0.3888 Recall: 0.5239 f1score_micro: 0.5239 f1score_macro: 0.4383
Epoch: 13/50
Begin test......
Test Loss: 0.0008 Acc: 0.5249 Precision: 0.3954 Recall: 0.5249 f1score_micro: 0.5249 f1score_macro: 0.4387
Epoch: 14/50
Begin test......
Test Loss: 0.0007 Acc: 0.5317 Precision: 0.3894 Recall: 0.5317 f1score_micro: 0.5317 f1score_macro: 0.4423
Epoch: 15/50
Begin test......
Test Loss: 0.0008 Acc: 0.5256 Precision: 0.3924 Recall: 0.5256 f1score_micro: 0.5256 f1score_macro: 0.4379
Epoch: 16/50
Begin test......
Test Loss: 0.0007 Acc: 0.5566 Precision: 0.4084 Recall: 0.5566 f1score_micro: 0.5566 f1score_macro: 0.4641
Epoch: 17/50
Begin test......
Test Loss: 0.0007 Acc: 0.5569 Precision: 0.4124 Recall: 0.5569 f1score_micro: 0.5569 f1score_macro: 0.4648
Epoch: 18/50
Begin test......
Test Loss: 0.0007 Acc: 0.5577 Precision: 0.4142 Recall: 0.5577 f1score_micro: 0.5577 f1score_macro: 0.4646
Epoch: 19/50
Begin test......
Test Loss: 0.0007 Acc: 0.5537 Precision: 0.4085 Recall: 0.5537 f1score_micro: 0.5537 f1score_macro: 0.4628
Epoch: 20/50
Begin test......
Test Loss: 0.0007 Acc: 0.5643 Precision: 0.4118 Recall: 0.5643 f1score_micro: 0.5643 f1score_macro: 0.4696
Epoch: 21/50
Begin test......
Test Loss: 0.0007 Acc: 0.5720 Precision: 0.4254 Recall: 0.5720 f1score_micro: 0.5720 f1score_macro: 0.4786
Epoch: 22/50
Begin test......
Test Loss: 0.0007 Acc: 0.5735 Precision: 0.4233 Recall: 0.5735 f1score_micro: 0.5735 f1score_macro: 0.4788
Epoch: 23/50
Begin test......
Test Loss: 0.0007 Acc: 0.5754 Precision: 0.4227 Recall: 0.5754 f1score_micro: 0.5754 f1score_macro: 0.4801
Epoch: 24/50
Begin test......
Test Loss: 0.0007 Acc: 0.5754 Precision: 0.4226 Recall: 0.5754 f1score_micro: 0.5754 f1score_macro: 0.4807
Epoch: 25/50
Begin test......
Test Loss: 0.0007 Acc: 0.5767 Precision: 0.4256 Recall: 0.5767 f1score_micro: 0.5767 f1score_macro: 0.4818
Epoch: 26/50
Begin test......
Test Loss: 0.0007 Acc: 0.5802 Precision: 0.4277 Recall: 0.5802 f1score_micro: 0.5802 f1score_macro: 0.4849
Epoch: 27/50
Begin test......
Test Loss: 0.0007 Acc: 0.5825 Precision: 0.4389 Recall: 0.5825 f1score_micro: 0.5825 f1score_macro: 0.4871
Epoch: 28/50
Begin test......
Test Loss: 0.0007 Acc: 0.5852 Precision: 0.4733 Recall: 0.5852 f1score_micro: 0.5852 f1score_macro: 0.4930
Epoch: 29/50
Begin test......
Test Loss: 0.0007 Acc: 0.5885 Precision: 0.4699 Recall: 0.5885 f1score_micro: 0.5885 f1score_macro: 0.5035
Epoch: 30/50
Begin test......
Test Loss: 0.0006 Acc: 0.5990 Precision: 0.4922 Recall: 0.5990 f1score_micro: 0.5990 f1score_macro: 0.5292
Epoch: 31/50
Begin test......
Test Loss: 0.0006 Acc: 0.6006 Precision: 0.4967 Recall: 0.6006 f1score_micro: 0.6006 f1score_macro: 0.5320
Epoch: 32/50
Begin test......
Test Loss: 0.0006 Acc: 0.5996 Precision: 0.4953 Recall: 0.5996 f1score_micro: 0.5996 f1score_macro: 0.5313
Epoch: 33/50
Begin test......
Test Loss: 0.0006 Acc: 0.6031 Precision: 0.4999 Recall: 0.6031 f1score_micro: 0.6031 f1score_macro: 0.5365
Epoch: 34/50
Begin test......
Test Loss: 0.0006 Acc: 0.6047 Precision: 0.5002 Recall: 0.6047 f1score_micro: 0.6047 f1score_macro: 0.5376
Epoch: 35/50
Begin test......
Test Loss: 0.0006 Acc: 0.6068 Precision: 0.5054 Recall: 0.6068 f1score_micro: 0.6068 f1score_macro: 0.5417
Epoch: 36/50
Begin test......
Test Loss: 0.0006 Acc: 0.6089 Precision: 0.5072 Recall: 0.6089 f1score_micro: 0.6089 f1score_macro: 0.5439
Epoch: 37/50
Begin test......
Test Loss: 0.0006 Acc: 0.6086 Precision: 0.5080 Recall: 0.6086 f1score_micro: 0.6086 f1score_macro: 0.5437
Epoch: 38/50
Begin test......
Test Loss: 0.0006 Acc: 0.6092 Precision: 0.5102 Recall: 0.6092 f1score_micro: 0.6092 f1score_macro: 0.5453
Epoch: 39/50
Begin test......
Test Loss: 0.0006 Acc: 0.6099 Precision: 0.5091 Recall: 0.6099 f1score_micro: 0.6099 f1score_macro: 0.5449
Epoch: 40/50
Begin test......
Test Loss: 0.0006 Acc: 0.6101 Precision: 0.5094 Recall: 0.6101 f1score_micro: 0.6101 f1score_macro: 0.5457
Epoch: 41/50
Begin test......
Test Loss: 0.0006 Acc: 0.6109 Precision: 0.5106 Recall: 0.6109 f1score_micro: 0.6109 f1score_macro: 0.5467
Epoch: 42/50
Begin test......
Test Loss: 0.0006 Acc: 0.6123 Precision: 0.5107 Recall: 0.6123 f1score_micro: 0.6123 f1score_macro: 0.5473
Epoch: 43/50
Begin test......
Test Loss: 0.0006 Acc: 0.6114 Precision: 0.5093 Recall: 0.6114 f1score_micro: 0.6114 f1score_macro: 0.5463
Epoch: 44/50
Begin test......
Test Loss: 0.0006 Acc: 0.6115 Precision: 0.5113 Recall: 0.6115 f1score_micro: 0.6115 f1score_macro: 0.5472
Epoch: 45/50
Begin test......
Test Loss: 0.0006 Acc: 0.6112 Precision: 0.5088 Recall: 0.6112 f1score_micro: 0.6112 f1score_macro: 0.5460
Epoch: 46/50
Begin test......
Test Loss: 0.0006 Acc: 0.6122 Precision: 0.5140 Recall: 0.6122 f1score_micro: 0.6122 f1score_macro: 0.5483
Epoch: 47/50
Begin test......
Test Loss: 0.0006 Acc: 0.6110 Precision: 0.5096 Recall: 0.6110 f1score_micro: 0.6110 f1score_macro: 0.5460
Epoch: 48/50
Begin test......
Test Loss: 0.0006 Acc: 0.6119 Precision: 0.5109 Recall: 0.6119 f1score_micro: 0.6119 f1score_macro: 0.5473
Epoch: 49/50
Begin test......
Test Loss: 0.0006 Acc: 0.6114 Precision: 0.5080 Recall: 0.6114 f1score_micro: 0.6114 f1score_macro: 0.5462
Epoch: 50/50
Begin test......
Test Loss: 0.0006 Acc: 0.6136 Precision: 0.5124 Recall: 0.6136 f1score_micro: 0.6136 f1score_macro: 0.5493
log generated
==========================
Model: resnet18, Loss: ce
CIFAR10_eval.py --model resnet18 --loss ce
==========================
Files already downloaded and verified
Files already downloaded and verified
Epoch: 1/50
Begin test......
Test Loss: 0.0140 Acc: 0.3254 Precision: 0.3656 Recall: 0.3254 f1score_micro: 0.3254 f1score_macro: 0.2775
Epoch: 2/50
Begin test......
Test Loss: 0.0120 Acc: 0.4359 Precision: 0.4461 Recall: 0.4359 f1score_micro: 0.4359 f1score_macro: 0.4184
Epoch: 3/50
Begin test......
Test Loss: 0.0112 Acc: 0.4753 Precision: 0.5085 Recall: 0.4753 f1score_micro: 0.4753 f1score_macro: 0.4664
Epoch: 4/50
Begin test......
Test Loss: 0.0094 Acc: 0.5685 Precision: 0.5868 Recall: 0.5685 f1score_micro: 0.5685 f1score_macro: 0.5598
Epoch: 5/50
Begin test......
Test Loss: 0.0082 Acc: 0.6408 Precision: 0.6474 Recall: 0.6408 f1score_micro: 0.6408 f1score_macro: 0.6353
Epoch: 6/50
Begin test......
Test Loss: 0.0071 Acc: 0.6887 Precision: 0.6946 Recall: 0.6887 f1score_micro: 0.6887 f1score_macro: 0.6892
Epoch: 7/50
Begin test......
Test Loss: 0.0062 Acc: 0.7273 Precision: 0.7358 Recall: 0.7273 f1score_micro: 0.7273 f1score_macro: 0.7274
Epoch: 8/50
Begin test......
Test Loss: 0.0058 Acc: 0.7493 Precision: 0.7533 Recall: 0.7493 f1score_micro: 0.7493 f1score_macro: 0.7460
Epoch: 9/50
Begin test......
Test Loss: 0.0056 Acc: 0.7582 Precision: 0.7696 Recall: 0.7582 f1score_micro: 0.7582 f1score_macro: 0.7588
Epoch: 10/50
Begin test......
Test Loss: 0.0057 Acc: 0.7533 Precision: 0.7667 Recall: 0.7533 f1score_micro: 0.7533 f1score_macro: 0.7516
Epoch: 11/50
Begin test......
Test Loss: 0.0047 Acc: 0.8016 Precision: 0.8041 Recall: 0.8016 f1score_micro: 0.8016 f1score_macro: 0.8017
Epoch: 12/50
Begin test......
Test Loss: 0.0044 Acc: 0.8133 Precision: 0.8201 Recall: 0.8133 f1score_micro: 0.8133 f1score_macro: 0.8146
Epoch: 13/50
Begin test......
Test Loss: 0.0045 Acc: 0.8110 Precision: 0.8144 Recall: 0.8110 f1score_micro: 0.8110 f1score_macro: 0.8107
Epoch: 14/50
Begin test......
Test Loss: 0.0045 Acc: 0.8103 Precision: 0.8216 Recall: 0.8103 f1score_micro: 0.8103 f1score_macro: 0.8129
Epoch: 15/50
Begin test......
Test Loss: 0.0041 Acc: 0.8276 Precision: 0.8325 Recall: 0.8276 f1score_micro: 0.8276 f1score_macro: 0.8287
Epoch: 16/50
Begin test......
Test Loss: 0.0036 Acc: 0.8493 Precision: 0.8509 Recall: 0.8493 f1score_micro: 0.8493 f1score_macro: 0.8495
Epoch: 17/50
Begin test......
Test Loss: 0.0037 Acc: 0.8477 Precision: 0.8478 Recall: 0.8477 f1score_micro: 0.8477 f1score_macro: 0.8472
Epoch: 18/50
Begin test......
Test Loss: 0.0039 Acc: 0.8453 Precision: 0.8447 Recall: 0.8453 f1score_micro: 0.8453 f1score_macro: 0.8441
Epoch: 19/50
Begin test......
Test Loss: 0.0037 Acc: 0.8531 Precision: 0.8573 Recall: 0.8531 f1score_micro: 0.8531 f1score_macro: 0.8543
Epoch: 20/50
Begin test......
Test Loss: 0.0039 Acc: 0.8463 Precision: 0.8470 Recall: 0.8463 f1score_micro: 0.8463 f1score_macro: 0.8458
Epoch: 21/50
Begin test......
Test Loss: 0.0034 Acc: 0.8608 Precision: 0.8602 Recall: 0.8608 f1score_micro: 0.8608 f1score_macro: 0.8597
Epoch: 22/50
Begin test......
Test Loss: 0.0035 Acc: 0.8624 Precision: 0.8622 Recall: 0.8624 f1score_micro: 0.8624 f1score_macro: 0.8619
Epoch: 23/50
Begin test......
Test Loss: 0.0034 Acc: 0.8612 Precision: 0.8629 Recall: 0.8612 f1score_micro: 0.8612 f1score_macro: 0.8617
Epoch: 24/50
Begin test......
Test Loss: 0.0035 Acc: 0.8651 Precision: 0.8651 Recall: 0.8651 f1score_micro: 0.8651 f1score_macro: 0.8646
Epoch: 25/50
Begin test......
Test Loss: 0.0034 Acc: 0.8634 Precision: 0.8638 Recall: 0.8634 f1score_micro: 0.8634 f1score_macro: 0.8634
Epoch: 26/50
Begin test......
Test Loss: 0.0033 Acc: 0.8665 Precision: 0.8699 Recall: 0.8665 f1score_micro: 0.8665 f1score_macro: 0.8673
Epoch: 27/50
Begin test......
Test Loss: 0.0034 Acc: 0.8687 Precision: 0.8690 Recall: 0.8687 f1score_micro: 0.8687 f1score_macro: 0.8685
Epoch: 28/50
Begin test......
Test Loss: 0.0034 Acc: 0.8697 Precision: 0.8695 Recall: 0.8697 f1score_micro: 0.8697 f1score_macro: 0.8693
Epoch: 29/50
Begin test......
Test Loss: 0.0033 Acc: 0.8711 Precision: 0.8710 Recall: 0.8711 f1score_micro: 0.8711 f1score_macro: 0.8710
Epoch: 30/50
Begin test......
Test Loss: 0.0034 Acc: 0.8725 Precision: 0.8736 Recall: 0.8725 f1score_micro: 0.8725 f1score_macro: 0.8727
Epoch: 31/50
Begin test......
Test Loss: 0.0033 Acc: 0.8722 Precision: 0.8728 Recall: 0.8722 f1score_micro: 0.8722 f1score_macro: 0.8722
Epoch: 32/50
Begin test......
Test Loss: 0.0034 Acc: 0.8725 Precision: 0.8723 Recall: 0.8725 f1score_micro: 0.8725 f1score_macro: 0.8722
Epoch: 33/50
Begin test......
Test Loss: 0.0033 Acc: 0.8725 Precision: 0.8725 Recall: 0.8725 f1score_micro: 0.8725 f1score_macro: 0.8723
Epoch: 34/50
Begin test......
Test Loss: 0.0034 Acc: 0.8706 Precision: 0.8707 Recall: 0.8706 f1score_micro: 0.8706 f1score_macro: 0.8705
Epoch: 35/50
Begin test......
Test Loss: 0.0034 Acc: 0.8706 Precision: 0.8707 Recall: 0.8706 f1score_micro: 0.8706 f1score_macro: 0.8704
Epoch: 36/50
Begin test......
Test Loss: 0.0034 Acc: 0.8720 Precision: 0.8725 Recall: 0.8720 f1score_micro: 0.8720 f1score_macro: 0.8721
Epoch: 37/50
Begin test......
Test Loss: 0.0034 Acc: 0.8736 Precision: 0.8739 Recall: 0.8736 f1score_micro: 0.8736 f1score_macro: 0.8736
Epoch: 38/50
Begin test......
Test Loss: 0.0033 Acc: 0.8742 Precision: 0.8740 Recall: 0.8742 f1score_micro: 0.8742 f1score_macro: 0.8740
Epoch: 39/50
Begin test......
Test Loss: 0.0034 Acc: 0.8732 Precision: 0.8733 Recall: 0.8732 f1score_micro: 0.8732 f1score_macro: 0.8731
Epoch: 40/50
Begin test......
Test Loss: 0.0034 Acc: 0.8754 Precision: 0.8758 Recall: 0.8754 f1score_micro: 0.8754 f1score_macro: 0.8755
Epoch: 41/50
Begin test......
Test Loss: 0.0034 Acc: 0.8737 Precision: 0.8744 Recall: 0.8737 f1score_micro: 0.8737 f1score_macro: 0.8739
Epoch: 42/50
Begin test......
Test Loss: 0.0034 Acc: 0.8735 Precision: 0.8740 Recall: 0.8735 f1score_micro: 0.8735 f1score_macro: 0.8736
Epoch: 43/50
Begin test......
Test Loss: 0.0034 Acc: 0.8737 Precision: 0.8740 Recall: 0.8737 f1score_micro: 0.8737 f1score_macro: 0.8737
Epoch: 44/50
Begin test......
Test Loss: 0.0034 Acc: 0.8750 Precision: 0.8753 Recall: 0.8750 f1score_micro: 0.8750 f1score_macro: 0.8751
Epoch: 45/50
Begin test......
Test Loss: 0.0034 Acc: 0.8739 Precision: 0.8743 Recall: 0.8739 f1score_micro: 0.8739 f1score_macro: 0.8740
Epoch: 46/50
Begin test......
Test Loss: 0.0034 Acc: 0.8754 Precision: 0.8753 Recall: 0.8754 f1score_micro: 0.8754 f1score_macro: 0.8753
Epoch: 47/50
Begin test......
Test Loss: 0.0034 Acc: 0.8754 Precision: 0.8752 Recall: 0.8754 f1score_micro: 0.8754 f1score_macro: 0.8752
Epoch: 48/50
Begin test......
Test Loss: 0.0034 Acc: 0.8760 Precision: 0.8762 Recall: 0.8760 f1score_micro: 0.8760 f1score_macro: 0.8760
Epoch: 49/50
Begin test......
Test Loss: 0.0034 Acc: 0.8739 Precision: 0.8743 Recall: 0.8739 f1score_micro: 0.8739 f1score_macro: 0.8740
Epoch: 50/50
Begin test......
Test Loss: 0.0034 Acc: 0.8745 Precision: 0.8748 Recall: 0.8745 f1score_micro: 0.8745 f1score_macro: 0.8745
log generated
==========================
Model: resnet18, Loss: focal0.5
CIFAR10_eval.py --model resnet18 --loss focal0.5
==========================
Files already downloaded and verified
Files already downloaded and verified
Epoch: 1/50
Begin test......
Test Loss: 0.0140 Acc: 0.2944 Precision: 0.3387 Recall: 0.2944 f1score_micro: 0.2944 f1score_macro: 0.2586
Epoch: 2/50
Begin test......
Test Loss: 0.0114 Acc: 0.3946 Precision: 0.4291 Recall: 0.3946 f1score_micro: 0.3946 f1score_macro: 0.3838
Epoch: 3/50
Begin test......
Test Loss: 0.0110 Acc: 0.4460 Precision: 0.4722 Recall: 0.4460 f1score_micro: 0.4460 f1score_macro: 0.4218
Epoch: 4/50
Begin test......
Test Loss: 0.0083 Acc: 0.5681 Precision: 0.5674 Recall: 0.5681 f1score_micro: 0.5681 f1score_macro: 0.5562
Epoch: 5/50
Begin test......
Test Loss: 0.0074 Acc: 0.6162 Precision: 0.6332 Recall: 0.6162 f1score_micro: 0.6162 f1score_macro: 0.6142
Epoch: 6/50
Begin test......
Test Loss: 0.0058 Acc: 0.6978 Precision: 0.7029 Recall: 0.6978 f1score_micro: 0.6978 f1score_macro: 0.6958
Epoch: 7/50
Begin test......
Test Loss: 0.0055 Acc: 0.7110 Precision: 0.7313 Recall: 0.7110 f1score_micro: 0.7110 f1score_macro: 0.7136
Epoch: 8/50
Begin test......
Test Loss: 0.0052 Acc: 0.7264 Precision: 0.7382 Recall: 0.7264 f1score_micro: 0.7264 f1score_macro: 0.7265
Epoch: 9/50
Begin test......
Test Loss: 0.0050 Acc: 0.7422 Precision: 0.7475 Recall: 0.7422 f1score_micro: 0.7422 f1score_macro: 0.7416
Epoch: 10/50
Begin test......
Test Loss: 0.0046 Acc: 0.7656 Precision: 0.7767 Recall: 0.7656 f1score_micro: 0.7656 f1score_macro: 0.7669
Epoch: 11/50
Begin test......
Test Loss: 0.0039 Acc: 0.7973 Precision: 0.8027 Recall: 0.7973 f1score_micro: 0.7973 f1score_macro: 0.7982
Epoch: 12/50
Begin test......
Test Loss: 0.0038 Acc: 0.8014 Precision: 0.8112 Recall: 0.8014 f1score_micro: 0.8014 f1score_macro: 0.8032
Epoch: 13/50
Begin test......
Test Loss: 0.0035 Acc: 0.8154 Precision: 0.8210 Recall: 0.8154 f1score_micro: 0.8154 f1score_macro: 0.8167
Epoch: 14/50
Begin test......
Test Loss: 0.0035 Acc: 0.8214 Precision: 0.8351 Recall: 0.8214 f1score_micro: 0.8214 f1score_macro: 0.8237
Epoch: 15/50
Begin test......
Test Loss: 0.0038 Acc: 0.8103 Precision: 0.8292 Recall: 0.8103 f1score_micro: 0.8103 f1score_macro: 0.8135
Epoch: 16/50
Begin test......
Test Loss: 0.0029 Acc: 0.8546 Precision: 0.8579 Recall: 0.8546 f1score_micro: 0.8546 f1score_macro: 0.8554
Epoch: 17/50
Begin test......
Test Loss: 0.0028 Acc: 0.8536 Precision: 0.8561 Recall: 0.8536 f1score_micro: 0.8536 f1score_macro: 0.8542
Epoch: 18/50
Begin test......
Test Loss: 0.0029 Acc: 0.8535 Precision: 0.8523 Recall: 0.8535 f1score_micro: 0.8535 f1score_macro: 0.8524
Epoch: 19/50
Begin test......
Test Loss: 0.0030 Acc: 0.8532 Precision: 0.8626 Recall: 0.8532 f1score_micro: 0.8532 f1score_macro: 0.8549
Epoch: 20/50
Begin test......
Test Loss: 0.0029 Acc: 0.8556 Precision: 0.8580 Recall: 0.8556 f1score_micro: 0.8556 f1score_macro: 0.8553
Epoch: 21/50
Begin test......
Test Loss: 0.0026 Acc: 0.8692 Precision: 0.8700 Recall: 0.8692 f1score_micro: 0.8692 f1score_macro: 0.8689
Epoch: 22/50
Begin test......
Test Loss: 0.0027 Acc: 0.8707 Precision: 0.8709 Recall: 0.8707 f1score_micro: 0.8707 f1score_macro: 0.8701
Epoch: 23/50
Begin test......
Test Loss: 0.0026 Acc: 0.8747 Precision: 0.8752 Recall: 0.8747 f1score_micro: 0.8747 f1score_macro: 0.8747
Epoch: 24/50
Begin test......
Test Loss: 0.0027 Acc: 0.8708 Precision: 0.8706 Recall: 0.8708 f1score_micro: 0.8708 f1score_macro: 0.8702
Epoch: 25/50
Begin test......
Test Loss: 0.0026 Acc: 0.8746 Precision: 0.8781 Recall: 0.8746 f1score_micro: 0.8746 f1score_macro: 0.8754
Epoch: 26/50
Begin test......
Test Loss: 0.0026 Acc: 0.8761 Precision: 0.8789 Recall: 0.8761 f1score_micro: 0.8761 f1score_macro: 0.8769
Epoch: 27/50
Begin test......
Test Loss: 0.0025 Acc: 0.8787 Precision: 0.8789 Recall: 0.8787 f1score_micro: 0.8787 f1score_macro: 0.8786
Epoch: 28/50
Begin test......
Test Loss: 0.0026 Acc: 0.8786 Precision: 0.8792 Recall: 0.8786 f1score_micro: 0.8786 f1score_macro: 0.8784
Epoch: 29/50
Begin test......
Test Loss: 0.0026 Acc: 0.8788 Precision: 0.8792 Recall: 0.8788 f1score_micro: 0.8788 f1score_macro: 0.8789
Epoch: 30/50
Begin test......
Test Loss: 0.0026 Acc: 0.8793 Precision: 0.8828 Recall: 0.8793 f1score_micro: 0.8793 f1score_macro: 0.8800
Epoch: 31/50
Begin test......
Test Loss: 0.0025 Acc: 0.8799 Precision: 0.8801 Recall: 0.8799 f1score_micro: 0.8799 f1score_macro: 0.8798
Epoch: 32/50
Begin test......
Test Loss: 0.0026 Acc: 0.8810 Precision: 0.8819 Recall: 0.8810 f1score_micro: 0.8810 f1score_macro: 0.8812
Epoch: 33/50
Begin test......
Test Loss: 0.0025 Acc: 0.8822 Precision: 0.8822 Recall: 0.8822 f1score_micro: 0.8822 f1score_macro: 0.8820
Epoch: 34/50
Begin test......
Test Loss: 0.0025 Acc: 0.8804 Precision: 0.8809 Recall: 0.8804 f1score_micro: 0.8804 f1score_macro: 0.8805
Epoch: 35/50
Begin test......
Test Loss: 0.0026 Acc: 0.8792 Precision: 0.8800 Recall: 0.8792 f1score_micro: 0.8792 f1score_macro: 0.8793
Epoch: 36/50
Begin test......
Test Loss: 0.0025 Acc: 0.8827 Precision: 0.8839 Recall: 0.8827 f1score_micro: 0.8827 f1score_macro: 0.8831
Epoch: 37/50
Begin test......
Test Loss: 0.0026 Acc: 0.8822 Precision: 0.8839 Recall: 0.8822 f1score_micro: 0.8822 f1score_macro: 0.8827
Epoch: 38/50
Begin test......
Test Loss: 0.0026 Acc: 0.8807 Precision: 0.8813 Recall: 0.8807 f1score_micro: 0.8807 f1score_macro: 0.8809
Epoch: 39/50
Begin test......
Test Loss: 0.0026 Acc: 0.8819 Precision: 0.8826 Recall: 0.8819 f1score_micro: 0.8819 f1score_macro: 0.8821
Epoch: 40/50
Begin test......
Test Loss: 0.0026 Acc: 0.8819 Precision: 0.8829 Recall: 0.8819 f1score_micro: 0.8819 f1score_macro: 0.8822
Epoch: 41/50
Begin test......
Test Loss: 0.0026 Acc: 0.8807 Precision: 0.8828 Recall: 0.8807 f1score_micro: 0.8807 f1score_macro: 0.8814
Epoch: 42/50
Begin test......
Test Loss: 0.0026 Acc: 0.8819 Precision: 0.8830 Recall: 0.8819 f1score_micro: 0.8819 f1score_macro: 0.8823
Epoch: 43/50
Begin test......
Test Loss: 0.0026 Acc: 0.8813 Precision: 0.8819 Recall: 0.8813 f1score_micro: 0.8813 f1score_macro: 0.8815
Epoch: 44/50
Begin test......
Test Loss: 0.0026 Acc: 0.8819 Precision: 0.8829 Recall: 0.8819 f1score_micro: 0.8819 f1score_macro: 0.8823
Epoch: 45/50
Begin test......
Test Loss: 0.0026 Acc: 0.8821 Precision: 0.8833 Recall: 0.8821 f1score_micro: 0.8821 f1score_macro: 0.8825
Epoch: 46/50
Begin test......
Test Loss: 0.0026 Acc: 0.8811 Precision: 0.8818 Recall: 0.8811 f1score_micro: 0.8811 f1score_macro: 0.8813
Epoch: 47/50
Begin test......
Test Loss: 0.0026 Acc: 0.8825 Precision: 0.8831 Recall: 0.8825 f1score_micro: 0.8825 f1score_macro: 0.8827
Epoch: 48/50
Begin test......
Test Loss: 0.0026 Acc: 0.8827 Precision: 0.8839 Recall: 0.8827 f1score_micro: 0.8827 f1score_macro: 0.8831
Epoch: 49/50
Begin test......
Test Loss: 0.0026 Acc: 0.8821 Precision: 0.8832 Recall: 0.8821 f1score_micro: 0.8821 f1score_macro: 0.8825
Epoch: 50/50
Begin test......
Test Loss: 0.0026 Acc: 0.8821 Precision: 0.8833 Recall: 0.8821 f1score_micro: 0.8821 f1score_macro: 0.8825
log generated
==========================
Model: resnet18, Loss: focal2
CIFAR10_eval.py --model resnet18 --loss focal2
==========================
Files already downloaded and verified
Files already downloaded and verified
Epoch: 1/50
Begin test......
Test Loss: 0.0103 Acc: 0.3214 Precision: 0.3484 Recall: 0.3214 f1score_micro: 0.3214 f1score_macro: 0.2762
Epoch: 2/50
Begin test......
Test Loss: 0.0089 Acc: 0.4321 Precision: 0.4455 Recall: 0.4321 f1score_micro: 0.4321 f1score_macro: 0.4020
Epoch: 3/50
Begin test......
Test Loss: 0.0073 Acc: 0.4826 Precision: 0.5137 Recall: 0.4826 f1score_micro: 0.4826 f1score_macro: 0.4634
Epoch: 4/50
Begin test......
Test Loss: 0.0065 Acc: 0.5541 Precision: 0.5831 Recall: 0.5541 f1score_micro: 0.5541 f1score_macro: 0.5334
Epoch: 5/50
Begin test......
Test Loss: 0.0052 Acc: 0.6359 Precision: 0.6464 Recall: 0.6359 f1score_micro: 0.6359 f1score_macro: 0.6304
Epoch: 6/50
Begin test......
Test Loss: 0.0040 Acc: 0.6992 Precision: 0.7112 Recall: 0.6992 f1score_micro: 0.6992 f1score_macro: 0.6981
Epoch: 7/50
Begin test......
Test Loss: 0.0036 Acc: 0.7198 Precision: 0.7417 Recall: 0.7198 f1score_micro: 0.7198 f1score_macro: 0.7204
Epoch: 8/50
Begin test......
Test Loss: 0.0032 Acc: 0.7494 Precision: 0.7595 Recall: 0.7494 f1score_micro: 0.7494 f1score_macro: 0.7497
Epoch: 9/50
Begin test......
Test Loss: 0.0032 Acc: 0.7548 Precision: 0.7710 Recall: 0.7548 f1score_micro: 0.7548 f1score_macro: 0.7561
Epoch: 10/50
Begin test......
Test Loss: 0.0028 Acc: 0.7857 Precision: 0.7935 Recall: 0.7857 f1score_micro: 0.7857 f1score_macro: 0.7854
Epoch: 11/50
Begin test......
Test Loss: 0.0025 Acc: 0.8040 Precision: 0.8039 Recall: 0.8040 f1score_micro: 0.8040 f1score_macro: 0.8026
Epoch: 12/50
Begin test......
Test Loss: 0.0024 Acc: 0.8029 Precision: 0.8140 Recall: 0.8029 f1score_micro: 0.8029 f1score_macro: 0.8057
Epoch: 13/50
Begin test......
Test Loss: 0.0024 Acc: 0.8125 Precision: 0.8179 Recall: 0.8125 f1score_micro: 0.8125 f1score_macro: 0.8129
Epoch: 14/50
Begin test......
Test Loss: 0.0023 Acc: 0.8166 Precision: 0.8282 Recall: 0.8166 f1score_micro: 0.8166 f1score_macro: 0.8198
Epoch: 15/50
Begin test......
Test Loss: 0.0023 Acc: 0.8179 Precision: 0.8253 Recall: 0.8179 f1score_micro: 0.8179 f1score_macro: 0.8197
Epoch: 16/50
Begin test......
Test Loss: 0.0020 Acc: 0.8392 Precision: 0.8413 Recall: 0.8392 f1score_micro: 0.8392 f1score_macro: 0.8393
Epoch: 17/50
Begin test......
Test Loss: 0.0021 Acc: 0.8424 Precision: 0.8432 Recall: 0.8424 f1score_micro: 0.8424 f1score_macro: 0.8414
Epoch: 18/50
Begin test......
Test Loss: 0.0021 Acc: 0.8360 Precision: 0.8387 Recall: 0.8360 f1score_micro: 0.8360 f1score_macro: 0.8366
Epoch: 19/50
Begin test......
Test Loss: 0.0021 Acc: 0.8425 Precision: 0.8486 Recall: 0.8425 f1score_micro: 0.8425 f1score_macro: 0.8442
Epoch: 20/50
Begin test......
Test Loss: 0.0021 Acc: 0.8440 Precision: 0.8450 Recall: 0.8440 f1score_micro: 0.8440 f1score_macro: 0.8440
Epoch: 21/50
Begin test......
Test Loss: 0.0019 Acc: 0.8507 Precision: 0.8521 Recall: 0.8507 f1score_micro: 0.8507 f1score_macro: 0.8509
Epoch: 22/50
Begin test......
Test Loss: 0.0020 Acc: 0.8534 Precision: 0.8540 Recall: 0.8534 f1score_micro: 0.8534 f1score_macro: 0.8532
Epoch: 23/50
Begin test......
Test Loss: 0.0020 Acc: 0.8547 Precision: 0.8563 Recall: 0.8547 f1score_micro: 0.8547 f1score_macro: 0.8551
Epoch: 24/50
Begin test......
Test Loss: 0.0020 Acc: 0.8522 Precision: 0.8519 Recall: 0.8522 f1score_micro: 0.8522 f1score_macro: 0.8515
Epoch: 25/50
Begin test......
Test Loss: 0.0020 Acc: 0.8545 Precision: 0.8569 Recall: 0.8545 f1score_micro: 0.8545 f1score_macro: 0.8551
Epoch: 26/50
Begin test......
Test Loss: 0.0019 Acc: 0.8585 Precision: 0.8615 Recall: 0.8585 f1score_micro: 0.8585 f1score_macro: 0.8590
Epoch: 27/50
Begin test......
Test Loss: 0.0019 Acc: 0.8578 Precision: 0.8581 Recall: 0.8578 f1score_micro: 0.8578 f1score_macro: 0.8579
Epoch: 28/50
Begin test......
Test Loss: 0.0020 Acc: 0.8587 Precision: 0.8589 Recall: 0.8587 f1score_micro: 0.8587 f1score_macro: 0.8585
Epoch: 29/50
Begin test......
Test Loss: 0.0019 Acc: 0.8603 Precision: 0.8612 Recall: 0.8603 f1score_micro: 0.8603 f1score_macro: 0.8606
Epoch: 30/50
Begin test......
Test Loss: 0.0020 Acc: 0.8576 Precision: 0.8586 Recall: 0.8576 f1score_micro: 0.8576 f1score_macro: 0.8579
Epoch: 31/50
Begin test......
Test Loss: 0.0019 Acc: 0.8615 Precision: 0.8614 Recall: 0.8615 f1score_micro: 0.8615 f1score_macro: 0.8613
Epoch: 32/50
Begin test......
Test Loss: 0.0020 Acc: 0.8610 Precision: 0.8609 Recall: 0.8610 f1score_micro: 0.8610 f1score_macro: 0.8608
Epoch: 33/50
Begin test......
Test Loss: 0.0019 Acc: 0.8634 Precision: 0.8634 Recall: 0.8634 f1score_micro: 0.8634 f1score_macro: 0.8633
Epoch: 34/50
Begin test......
Test Loss: 0.0020 Acc: 0.8598 Precision: 0.8605 Recall: 0.8598 f1score_micro: 0.8598 f1score_macro: 0.8600
Epoch: 35/50
Begin test......
Test Loss: 0.0020 Acc: 0.8597 Precision: 0.8609 Recall: 0.8597 f1score_micro: 0.8597 f1score_macro: 0.8601
Epoch: 36/50
Begin test......
Test Loss: 0.0020 Acc: 0.8620 Precision: 0.8624 Recall: 0.8620 f1score_micro: 0.8620 f1score_macro: 0.8620
Epoch: 37/50
Begin test......
Test Loss: 0.0020 Acc: 0.8607 Precision: 0.8614 Recall: 0.8607 f1score_micro: 0.8607 f1score_macro: 0.8609
Epoch: 38/50
Begin test......
Test Loss: 0.0020 Acc: 0.8602 Precision: 0.8609 Recall: 0.8602 f1score_micro: 0.8602 f1score_macro: 0.8604
Epoch: 39/50
Begin test......
Test Loss: 0.0020 Acc: 0.8627 Precision: 0.8630 Recall: 0.8627 f1score_micro: 0.8627 f1score_macro: 0.8628
Epoch: 40/50
Begin test......
Test Loss: 0.0020 Acc: 0.8616 Precision: 0.8621 Recall: 0.8616 f1score_micro: 0.8616 f1score_macro: 0.8617
Epoch: 41/50
Begin test......
Test Loss: 0.0020 Acc: 0.8614 Precision: 0.8626 Recall: 0.8614 f1score_micro: 0.8614 f1score_macro: 0.8618
Epoch: 42/50
Begin test......
Test Loss: 0.0020 Acc: 0.8626 Precision: 0.8634 Recall: 0.8626 f1score_micro: 0.8626 f1score_macro: 0.8629
Epoch: 43/50
Begin test......
Test Loss: 0.0020 Acc: 0.8618 Precision: 0.8624 Recall: 0.8618 f1score_micro: 0.8618 f1score_macro: 0.8619
Epoch: 44/50
Begin test......
Test Loss: 0.0020 Acc: 0.8603 Precision: 0.8610 Recall: 0.8603 f1score_micro: 0.8603 f1score_macro: 0.8606
Epoch: 45/50
Begin test......
Test Loss: 0.0019 Acc: 0.8634 Precision: 0.8641 Recall: 0.8634 f1score_micro: 0.8634 f1score_macro: 0.8636
Epoch: 46/50
Begin test......
Test Loss: 0.0020 Acc: 0.8616 Precision: 0.8619 Recall: 0.8616 f1score_micro: 0.8616 f1score_macro: 0.8617
Epoch: 47/50
Begin test......
Test Loss: 0.0020 Acc: 0.8633 Precision: 0.8633 Recall: 0.8633 f1score_micro: 0.8633 f1score_macro: 0.8632
Epoch: 48/50
Begin test......
Test Loss: 0.0019 Acc: 0.8634 Precision: 0.8640 Recall: 0.8634 f1score_micro: 0.8634 f1score_macro: 0.8636
Epoch: 49/50
Begin test......
Test Loss: 0.0020 Acc: 0.8626 Precision: 0.8631 Recall: 0.8626 f1score_micro: 0.8626 f1score_macro: 0.8628
Epoch: 50/50
Begin test......
Test Loss: 0.0019 Acc: 0.8628 Precision: 0.8635 Recall: 0.8628 f1score_micro: 0.8628 f1score_macro: 0.8631
log generated
